<?xml version="1.0" encoding="UTF-8"?>
<!-- Generated by org.testng.reporters.JUnitReportReporter -->
<testsuite hostname="CBT-Naveena" name="com.abof.scripts.LoginScripts" tests="1" failures="0" timestamp="17 Apr 2017 11:57:28 GMT" time="66.230" errors="0">
  <testcase name="testForgotPassword" time="66.230" classname="com.abof.scripts.LoginScripts"/>
</testsuite> <!-- com.abof.scripts.LoginScripts -->
