<?xml version="1.0" encoding="UTF-8"?>
<!-- Generated by org.testng.reporters.JUnitReportReporter -->
<testsuite hostname="CBT-Naveena" name="com.abof.scripts.SampleTest" tests="1" failures="0" timestamp="24 Mar 2017 19:23:15 GMT" time="150.849" errors="0">
  <testcase name="testSearchOprions" time="150.849" classname="com.abof.scripts.SampleTest"/>
</testsuite> <!-- com.abof.scripts.SampleTest -->
