<?xml version="1.0" encoding="UTF-8"?>
<!-- Generated by org.testng.reporters.JUnitReportReporter -->
<testsuite hostname="CBT-Naveena" name="com.abof.scripts.HamburgerMenuScripts" tests="1" failures="0" timestamp="12 Apr 2017 13:52:30 GMT" time="190.417" errors="0">
  <testcase name="testHamburgerOprions" time="190.417" classname="com.abof.scripts.HamburgerMenuScripts"/>
</testsuite> <!-- com.abof.scripts.HamburgerMenuScripts -->
